[Licensing::Module] Trying to connect to existing licensing client channel...
[Licensing::IpcConnector] Successfully connected to: "LicenseClient-vuong" at "2026-03-27T12:38:11.3118351Z"
[Licensing::Client] Code 10 while verifying Licensing Client signature (process Id: 34796, path: "C:/Program Files/Unity Hub/UnityLicensingClient_V1/Unity.Licensing.Client.exe")
[Licensing::Module] LicensingClient has failed validation; ignoring
[Licensing::Client] Handshaking with LicensingClient:
  Version:                 1.17.4+4293ba1
  Session Id:              dc671c2a654442bdb3c18895865fbbe6
  Correlation Id:          07c3083b0e12dadc8d7fb465e8a3b0f7
  External correlation Id: 90338709766539125
  Machine Id:              376v63FKuZ0ZjN5SzYJCabdvhG4=
[Licensing::Module] Successfully connected to LicensingClient on channel: "LicenseClient-vuong" (connect: 0.00s, validation: 0.01s, handshake: 0.03s)
[Licensing::IpcConnector] Successfully connected to: "LicenseClient-vuong-notifications" at "2026-03-27T12:38:11.3548382Z"
[Licensing::Module] Error: Access token is unavailable; failed to update
[Licensing::Client] Successfully updated license
Built from '2022.3/respin/2022.3.62f2-4af31df585-v2' branch; Version is '2022.3.62f3 (96770f904ca7) revision 9860879'; Using compiler version '192829333'; Build Type 'Release'
OS: 'Windows 11  (10.0.26200) 64bit Enterprise' Language: 'de' Physical Memory: 32029 MB
[Licensing::Client] Successfully resolved entitlement details
[Licensing::Module] Serial number assigned to: "9072372004883-UnityPersXXXX"
BatchMode: 1, IsHumanControllingUs: 0, StartBugReporterOnCrash: 0, Is64bit: 1, IsPro: 0
[Licensing::Client] Successfully resolved entitlement details

COMMAND LINE ARGUMENTS:
C:\Program Files\Unity\Hub\Editor\2022.3.62f3\Editor\Unity.exe
-batchmode
-quit
-projectPath
C:\privateTemp\box-reha-game
-logFile
C:\privateTemp\box-reha-game\compile-check.log
Successfully changed project path to: C:\privateTemp\box-reha-game
C:/privateTemp/box-reha-game
[UnityMemory] Configuration Parameters - Can be set up in boot.config
    "memorysetup-bucket-allocator-granularity=16"
    "memorysetup-bucket-allocator-bucket-count=8"
    "memorysetup-bucket-allocator-block-size=33554432"
    "memorysetup-bucket-allocator-block-count=8"
    "memorysetup-main-allocator-block-size=16777216"
    "memorysetup-thread-allocator-block-size=16777216"
    "memorysetup-gfx-main-allocator-block-size=16777216"
    "memorysetup-gfx-thread-allocator-block-size=16777216"
    "memorysetup-cache-allocator-block-size=4194304"
    "memorysetup-typetree-allocator-block-size=2097152"
    "memorysetup-profiler-bucket-allocator-granularity=16"
    "memorysetup-profiler-bucket-allocator-bucket-count=8"
    "memorysetup-profiler-bucket-allocator-block-size=33554432"
    "memorysetup-profiler-bucket-allocator-block-count=8"
    "memorysetup-profiler-allocator-block-size=16777216"
    "memorysetup-profiler-editor-allocator-block-size=1048576"
    "memorysetup-temp-allocator-size-main=16777216"
    "memorysetup-job-temp-allocator-block-size=2097152"
    "memorysetup-job-temp-allocator-block-size-background=1048576"
    "memorysetup-job-temp-allocator-reduction-small-platforms=262144"
    "memorysetup-allocator-temp-initial-block-size-main=262144"
    "memorysetup-allocator-temp-initial-block-size-worker=262144"
    "memorysetup-temp-allocator-size-background-worker=32768"
    "memorysetup-temp-allocator-size-job-worker=262144"
    "memorysetup-temp-allocator-size-preload-manager=33554432"
    "memorysetup-temp-allocator-size-nav-mesh-worker=65536"
    "memorysetup-temp-allocator-size-audio-worker=65536"
    "memorysetup-temp-allocator-size-cloud-worker=32768"
    "memorysetup-temp-allocator-size-gi-baking-worker=262144"
    "memorysetup-temp-allocator-size-gfx=262144"
Player connection [26772]  Target information:

Player connection [26772]  * "[IP] 172.20.176.1 [Port] 55504 [Flags] 2 [Guid] 1793959096 [EditorId] 1793959096 [Version] 1048832 [Id] WindowsEditor(7,PC-MOB-915) [Debug] 1 [PackageName] WindowsEditor [ProjectName] Editor" 

Player connection [26772]  * "[IP] 10.1.0.190 [Port] 55504 [Flags] 2 [Guid] 1793959096 [EditorId] 1793959096 [Version] 1048832 [Id] WindowsEditor(7,PC-MOB-915) [Debug] 1 [PackageName] WindowsEditor [ProjectName] Editor" 

Player connection [26772]  * "[IP] 100.64.137.27 [Port] 55504 [Flags] 2 [Guid] 1793959096 [EditorId] 1793959096 [Version] 1048832 [Id] WindowsEditor(7,PC-MOB-915) [Debug] 1 [PackageName] WindowsEditor [ProjectName] Editor" 

Player connection [26772]  * "[IP] 192.168.0.136 [Port] 55504 [Flags] 2 [Guid] 1793959096 [EditorId] 1793959096 [Version] 1048832 [Id] WindowsEditor(7,PC-MOB-915) [Debug] 1 [PackageName] WindowsEditor [ProjectName] Editor" 

Player connection [26772] Host joined multi-casting on [225.0.0.222:54997]...
Player connection [26772] Host joined alternative multi-casting on [225.0.0.222:34997]...
Input System module state changed to: Initialized.
[PhysX] Initialized MultithreadedTaskDispatcher with 16 workers.
[Package Manager] UpmClient::Connect -- Connected to IPC stream "Upm-56016" after 0.4 seconds.
[Package Manager] Restoring resolved packages state from cache
[Licensing::Client] Successfully resolved entitlement details
[Package Manager] Registered 33 packages:
  Built-in packages:
    com.unity.modules.ai@1.0.0 (location: C:\privateTemp\box-reha-game\Library\PackageCache\com.unity.modules.ai@1.0.0)
    com.unity.modules.androidjni@1.0.0 (location: C:\privateTemp\box-reha-game\Library\PackageCache\com.unity.modules.androidjni@1.0.0)
    com.unity.modules.animation@1.0.0 (location: C:\privateTemp\box-reha-game\Library\PackageCache\com.unity.modules.animation@1.0.0)
    com.unity.modules.assetbundle@1.0.0 (location: C:\privateTemp\box-reha-game\Library\PackageCache\com.unity.modules.assetbundle@1.0.0)
    com.unity.modules.audio@1.0.0 (location: C:\privateTemp\box-reha-game\Library\PackageCache\com.unity.modules.audio@1.0.0)
    com.unity.modules.cloth@1.0.0 (location: C:\privateTemp\box-reha-game\Library\PackageCache\com.unity.modules.cloth@1.0.0)
    com.unity.modules.director@1.0.0 (location: C:\privateTemp\box-reha-game\Library\PackageCache\com.unity.modules.director@1.0.0)
    com.unity.modules.imageconversion@1.0.0 (location: C:\privateTemp\box-reha-game\Library\PackageCache\com.unity.modules.imageconversion@1.0.0)
    com.unity.modules.imgui@1.0.0 (location: C:\privateTemp\box-reha-game\Library\PackageCache\com.unity.modules.imgui@1.0.0)
    com.unity.modules.jsonserialize@1.0.0 (location: C:\privateTemp\box-reha-game\Library\PackageCache\com.unity.modules.jsonserialize@1.0.0)
    com.unity.modules.particlesystem@1.0.0 (location: C:\privateTemp\box-reha-game\Library\PackageCache\com.unity.modules.particlesystem@1.0.0)
    com.unity.modules.physics@1.0.0 (location: C:\privateTemp\box-reha-game\Library\PackageCache\com.unity.modules.physics@1.0.0)
    com.unity.modules.physics2d@1.0.0 (location: C:\privateTemp\box-reha-game\Library\PackageCache\com.unity.modules.physics2d@1.0.0)
    com.unity.modules.screencapture@1.0.0 (location: C:\privateTemp\box-reha-game\Library\PackageCache\com.unity.modules.screencapture@1.0.0)
    com.unity.modules.terrain@1.0.0 (location: C:\privateTemp\box-reha-game\Library\PackageCache\com.unity.modules.terrain@1.0.0)
    com.unity.modules.terrainphysics@1.0.0 (location: C:\privateTemp\box-reha-game\Library\PackageCache\com.unity.modules.terrainphysics@1.0.0)
    com.unity.modules.tilemap@1.0.0 (location: C:\privateTemp\box-reha-game\Library\PackageCache\com.unity.modules.tilemap@1.0.0)
    com.unity.ugui@1.0.0 (location: C:\privateTemp\box-reha-game\Library\PackageCache\com.unity.ugui@1.0.0)
    com.unity.modules.ui@1.0.0 (location: C:\privateTemp\box-reha-game\Library\PackageCache\com.unity.modules.ui@1.0.0)
    com.unity.modules.uielements@1.0.0 (location: C:\privateTemp\box-reha-game\Library\PackageCache\com.unity.modules.uielements@1.0.0)
    com.unity.modules.umbra@1.0.0 (location: C:\privateTemp\box-reha-game\Library\PackageCache\com.unity.modules.umbra@1.0.0)
    com.unity.modules.unityanalytics@1.0.0 (location: C:\privateTemp\box-reha-game\Library\PackageCache\com.unity.modules.unityanalytics@1.0.0)
    com.unity.modules.unitywebrequest@1.0.0 (location: C:\privateTemp\box-reha-game\Library\PackageCache\com.unity.modules.unitywebrequest@1.0.0)
    com.unity.modules.unitywebrequestassetbundle@1.0.0 (location: C:\privateTemp\box-reha-game\Library\PackageCache\com.unity.modules.unitywebrequestassetbundle@1.0.0)
    com.unity.modules.unitywebrequestaudio@1.0.0 (location: C:\privateTemp\box-reha-game\Library\PackageCache\com.unity.modules.unitywebrequestaudio@1.0.0)
    com.unity.modules.unitywebrequesttexture@1.0.0 (location: C:\privateTemp\box-reha-game\Library\PackageCache\com.unity.modules.unitywebrequesttexture@1.0.0)
    com.unity.modules.unitywebrequestwww@1.0.0 (location: C:\privateTemp\box-reha-game\Library\PackageCache\com.unity.modules.unitywebrequestwww@1.0.0)
    com.unity.modules.vehicles@1.0.0 (location: C:\privateTemp\box-reha-game\Library\PackageCache\com.unity.modules.vehicles@1.0.0)
    com.unity.modules.video@1.0.0 (location: C:\privateTemp\box-reha-game\Library\PackageCache\com.unity.modules.video@1.0.0)
    com.unity.modules.vr@1.0.0 (location: C:\privateTemp\box-reha-game\Library\PackageCache\com.unity.modules.vr@1.0.0)
    com.unity.modules.wind@1.0.0 (location: C:\privateTemp\box-reha-game\Library\PackageCache\com.unity.modules.wind@1.0.0)
    com.unity.modules.xr@1.0.0 (location: C:\privateTemp\box-reha-game\Library\PackageCache\com.unity.modules.xr@1.0.0)
    com.unity.modules.subsystems@1.0.0 (location: C:\privateTemp\box-reha-game\Library\PackageCache\com.unity.modules.subsystems@1.0.0)
[Subsystems] No new subsystems found in resolved package list.
Package Manager log level set to [2]
[Package Manager] Done registering packages in 0.10 seconds
Artifact Garbage Collection - Removed 3 unused hashed content files
Refreshing native plugins compatible for Editor in 0.00 ms, found 0 plugins.
Preloading 0 native plugins for Editor in 0.00 ms.
Initialize engine version: 2022.3.62f3 (96770f904ca7)
[Subsystems] Discovering subsystems at path C:/Program Files/Unity/Hub/Editor/2022.3.62f3/Editor/Data/Resources/UnitySubsystems
[Subsystems] Discovering subsystems at path C:/privateTemp/box-reha-game/Assets
GfxDevice: creating device client; threaded=0; jobified=0
Direct3D:
    Version:  Direct3D 11.0 [level 11.1]
    Renderer: NVIDIA RTX 2000 Ada Generation Laptop GPU (ID=0x28b8)
    Vendor:   NVIDIA
    VRAM:     7960 MB
    Driver:   32.0.15.7344
[Licensing::Client] Successfully resolved entitlement details
Initialize mono
Mono path[0] = 'C:/Program Files/Unity/Hub/Editor/2022.3.62f3/Editor/Data/Managed'
Mono path[1] = 'C:/Program Files/Unity/Hub/Editor/2022.3.62f3/Editor/Data/MonoBleedingEdge/lib/mono/unityjit-win32'
Mono config path = 'C:/Program Files/Unity/Hub/Editor/2022.3.62f3/Editor/Data/MonoBleedingEdge/etc'
Using monoOptions --debugger-agent=transport=dt_socket,embedding=1,server=y,suspend=n,address=127.0.0.1:56016
Using cacheserver namespaces - metadata:defaultmetadata, artifacts:defaultartifacts
Using cacheserver namespaces - metadata:defaultmetadata, artifacts:defaultartifacts
ImportWorker Server TCP listen port: 0
Begin MonoManager ReloadAssembly
Registering precompiled unity dll's ...
Register platform support module: C:/Program Files/Unity/Hub/Editor/2022.3.62f3/Editor/Data/PlaybackEngines/WindowsStandaloneSupport/UnityEditor.WindowsStandalone.Extensions.dll
Registered in 0.004572 seconds.
- Loaded All Assemblies, in  0.262 seconds
Native extension for WindowsStandalone target not found
Mono: successfully reloaded assembly
- Finished resetting the current domain, in  0.209 seconds
Domain Reload Profiling: 470ms
	BeginReloadAssembly (81ms)
		ExecutionOrderSort (0ms)
		DisableScriptedObjects (0ms)
		BackupInstance (0ms)
		ReleaseScriptingObjects (0ms)
		CreateAndSetChildDomain (1ms)
	RebuildCommonClasses (24ms)
	RebuildNativeTypeToScriptingClass (8ms)
	initialDomainReloadingComplete (46ms)
	LoadAllAssembliesAndSetupDomain (103ms)
		LoadAssemblies (79ms)
		RebuildTransferFunctionScriptingTraits (0ms)
		AnalyzeDomain (101ms)
			TypeCache.Refresh (99ms)
				TypeCache.ScanAssembly (90ms)
			ScanForSourceGeneratedMonoScriptInfo (0ms)
			ResolveRequiredComponents (0ms)
	FinalizeReload (210ms)
		ReleaseScriptCaches (0ms)
		RebuildScriptCaches (0ms)
		SetupLoadedEditorAssemblies (174ms)
			LogAssemblyErrors (0ms)
			InitializePlatformSupportModulesInManaged (7ms)
			SetLoadedEditorAssemblies (7ms)
			RefreshPlugins (0ms)
			BeforeProcessingInitializeOnLoad (2ms)
			ProcessInitializeOnLoadAttributes (118ms)
			ProcessInitializeOnLoadMethodAttributes (41ms)
			AfterProcessingInitializeOnLoad (0ms)
			EditorAssembliesLoaded (0ms)
		ExecutionOrderSort2 (0ms)
		AwakeInstancesAfterBackupRestoration (0ms)
[Licensing::Client] Successfully resolved entitlement details
Application.AssetDatabase Initial Refresh Start
info: Microsoft.Hosting.Lifetime[14]
      Now listening on: http://localhost:80
info: Microsoft.Hosting.Lifetime[0]
      Application started. Press Ctrl+C to shut down.
info: Microsoft.Hosting.Lifetime[0]
      Hosting environment: Production
info: Microsoft.Hosting.Lifetime[0]
      Content root path: C:\privateTemp\box-reha-game\
info: Microsoft.AspNetCore.Hosting.Diagnostics[1]
      Request starting HTTP/2 POST http://ilpp/UnityILPP.PostProcessing/Ping application/grpc -
info: Microsoft.AspNetCore.Routing.EndpointMiddleware[0]
      Executing endpoint 'gRPC - /UnityILPP.PostProcessing/Ping'
info: Microsoft.AspNetCore.Routing.EndpointMiddleware[1]
      Executed endpoint 'gRPC - /UnityILPP.PostProcessing/Ping'
info: Microsoft.AspNetCore.Hosting.Diagnostics[2]
      Request finished HTTP/2 POST http://ilpp/UnityILPP.PostProcessing/Ping application/grpc - - 200 - application/grpc 35.3575ms
Starting: C:\Program Files\Unity\Hub\Editor\2022.3.62f3\Editor\Data\bee_backend.exe --ipc --defer-dag-verification --dagfile="Library/Bee/1900b0aE.dag" --continue-on-failure --profile="Library/Bee/backend1.traceevents" ScriptAssemblies
WorkingDir: C:/privateTemp/box-reha-game
DisplayProgressbar: Compiling Scripts
ExitCode: 0 Duration: 0s86ms
*** Tundra build success (0.05 seconds), 0 items updated, 121 evaluated
AssetDatabase: script compilation time: 0.592725s
Begin MonoManager ReloadAssembly
Total cache size 74540785
Total cache size after purge 74540785
- Loaded All Assemblies, in  0.183 seconds
Refreshing native plugins compatible for Editor in 0.00 ms, found 0 plugins.
Preloading 0 native plugins for Editor in 0.00 ms.
Refreshing native plugins compatible for Editor in 0.00 ms, found 0 plugins.
Native extension for WindowsStandalone target not found
Mono: successfully reloaded assembly
- Finished resetting the current domain, in  0.240 seconds
Domain Reload Profiling: 423ms
	BeginReloadAssembly (122ms)
		ExecutionOrderSort (0ms)
		DisableScriptedObjects (4ms)
		BackupInstance (0ms)
		ReleaseScriptingObjects (0ms)
		CreateAndSetChildDomain (24ms)
	RebuildCommonClasses (24ms)
	RebuildNativeTypeToScriptingClass (7ms)
	initialDomainReloadingComplete (18ms)
	LoadAllAssembliesAndSetupDomain (11ms)
		LoadAssemblies (66ms)
		RebuildTransferFunctionScriptingTraits (0ms)
		AnalyzeDomain (8ms)
			TypeCache.Refresh (5ms)
				TypeCache.ScanAssembly (2ms)
			ScanForSourceGeneratedMonoScriptInfo (1ms)
			ResolveRequiredComponents (1ms)
	FinalizeReload (241ms)
		ReleaseScriptCaches (0ms)
		RebuildScriptCaches (0ms)
		SetupLoadedEditorAssemblies (156ms)
			LogAssemblyErrors (0ms)
			InitializePlatformSupportModulesInManaged (5ms)
			SetLoadedEditorAssemblies (4ms)
			RefreshPlugins (0ms)
			BeforeProcessingInitializeOnLoad (26ms)
			ProcessInitializeOnLoadAttributes (101ms)
			ProcessInitializeOnLoadMethodAttributes (15ms)
			AfterProcessingInitializeOnLoad (5ms)
			EditorAssembliesLoaded (0ms)
		ExecutionOrderSort2 (0ms)
		AwakeInstancesAfterBackupRestoration (5ms)
Asset Pipeline Refresh (id=eea1e1e8206529a4d9800a661d696609): Total: 1.167 seconds - Initiated by InitialRefreshV2(ForceSynchronousImport)
	Summary:
		Imports: total=0 (actual=0, local cache=0, cache server=0)
		Asset DB Process Time: managed=0 ms, native=117 ms
		Asset DB Callback time: managed=9 ms, native=0 ms
		Scripting: domain reloads=1, domain reload time=438 ms, compile time=594 ms, other=6 ms
		Project Asset Count: scripts=423, non-scripts=54
		Asset File Changes: new=0, changed=0, moved=0, deleted=0
		Scan Filter Count: 0
	InvokeBeforeRefreshCallbacks: 0.533ms
	ApplyChangesToAssetFolders: 0.036ms
	Scan: 11.949ms
	OnSourceAssetsModified: 0.003ms
	GetAllGuidsForCategorization: 0.070ms
	CategorizeAssets: 3.146ms
	ImportOutOfDateAssets: 242.922ms (-353.161ms without children)
		CompileScripts: 594.398ms
		ReloadNativeAssets: 0.001ms
		UnloadImportedAssets: 1.481ms
		EnsureUptoDateAssetsAreRegisteredWithGuidPM: 0.072ms
		InitializingProgressBar: 0.002ms
		PostProcessAllAssetNotificationsAddChangedAssets: 0.000ms
		OnDemandSchedulerStart: 0.128ms
	PostProcessAllAssets: 9.511ms
	GatherAllCurrentPrimaryArtifactRevisions: 0.001ms
	UnloadStreamsBegin: 0.233ms
	PersistCurrentRevisions: 0.011ms
	UnloadStreamsEnd: 0.002ms
	GenerateScriptTypeHashes: 0.001ms
	Untracked: 898.610ms
Application.AssetDatabase Initial Refresh End
Launched and connected shader compiler UnityShaderCompiler.exe after 0.09 seconds
Scanning for USB devices : 6.428ms
Initializing Unity extensions:
[Licensing::Client] Successfully resolved entitlement details
[MODES] ModeService[none].Initialize
[MODES] ModeService[none].LoadModes
[MODES] Loading mode Default (0) for mode-current-id-box-reha-game
[PhysX] Initialized MultithreadedTaskDispatcher with 16 workers.
ProgressiveSceneManager::Cancel()
Unloading 3 Unused Serialized files (Serialized files now loaded: 0)
Unloading 14 unused Assets / (469.3 KB). Loaded Objects now: 785.
Memory consumption went from 80.3 MB to 79.8 MB.
Total: 2.435400 ms (FindLiveObjects: 0.066700 ms CreateObjectMapping: 0.009800 ms MarkObjects: 2.164600 ms  DeleteObjects: 0.193400 ms)

Batchmode quit successfully invoked - shutting down!
Curl error 42: Callback aborted
[PhysX] Initialized MultithreadedTaskDispatcher with 16 workers.
Input System module state changed to: ShutdownInProgress.
Input System polling thread exited.
Input System module state changed to: Shutdown.
[Licensing::IpcConnector] LicenseClient-vuong-notifications channel disconnected successfully.
[Licensing::IpcConnector] LicenseClient-vuong channel disconnected successfully.
Cleanup mono
abort_threads: Failed aborting id: 000000000000C628, mono_thread_manage will ignore it

abort_threads: Failed aborting id: 000000000000CBF4, mono_thread_manage will ignore it

abort_threads: Failed aborting id: 000000000000C628, mono_thread_manage will ignore it

abort_threads: Failed aborting id: 000000000000CBF4, mono_thread_manage will ignore it

debugger-agent: Unable to listen on 5200
[Performance] WinEditorMain                                                                                                  :        1 samples, Peak.   704 ms (1.0x), Avg.   704 ms, Total. 703.8 ms (12.2%)
[Performance] WinEditorMain.ConfigureCrashHandler                                                                            :        1 samples, Peak.  37.0 us (1.0x), Avg.  37.0 us, Total. 37.00 us (0.0%)
[Performance] WinEditorMain.CurlRequestInitialize                                                                            :        1 samples, Peak.   459 us (1.0x), Avg.   459 us, Total. 458.6 us (0.0%)
[Performance] WinEditorMain.SetupLogFile                                                                                     :        1 samples, Peak.   394 us (1.0x), Avg.   394 us, Total. 393.9 us (0.0%)
[Performance] WinEditorMain.RunNativeTestsIfRequiredAndExit                                                                  :        1 samples, Peak.   100 ns (1.0x), Avg.   100 ns, Total. 100.0 ns (0.0%)
[Performance] WinEditorMain.Licensing                                                                                        :        1 samples, Peak.   682 ms (1.0x), Avg.   682 ms, Total. 681.7 ms (11.9%)
[Performance] WinEditorMain.InitializeCrashHandler                                                                           :        1 samples, Peak.  15.2 ms (1.0x), Avg.  15.2 ms, Total. 15.25 ms (0.3%)
[Performance] WinEditorMain.CreateApplication                                                                                :        1 samples, Peak.   402 us (1.0x), Avg.   402 us, Total. 402.3 us (0.0%)
[Performance] Application.InitializeProject                                                                                  :        1 samples, Peak.  4.77 s (1.0x), Avg.  4.77 s, Total. 4.774 s (83.1%)
[Performance] Application.PackageManager.StartServer                                                                         :        1 samples, Peak.  3.99 ms (1.0x), Avg.  3.99 ms, Total. 3.989 ms (0.1%)
[Performance] Application.AcquireProjectLock                                                                                 :        1 samples, Peak.  3.66 ms (1.0x), Avg.  3.66 ms, Total. 3.660 ms (0.1%)
[Performance] Application.InitializeEngineNoGraphics                                                                         :        1 samples, Peak.  63.8 ms (1.0x), Avg.  63.8 ms, Total. 63.85 ms (1.1%)
[Performance] Application.PackageManager.Initialize                                                                          :        1 samples, Peak.   440 ms (1.0x), Avg.   440 ms, Total. 440.2 ms (7.7%)
[Performance] Connecting to Package Manager                                                                                  :       45 samples, Peak.  80.6 us (17.7x), Avg.  4.55 us, Total. 204.8 us (0.0%)
[Performance] Application.EngineGraphics.Initialize                                                                          :        1 samples, Peak.  1.77 s (1.0x), Avg.  1.77 s, Total. 1.766 s (30.7%)
[Performance] Application.GI.Initialize                                                                                      :        1 samples, Peak.  3.65 ms (1.0x), Avg.  3.65 ms, Total. 3.647 ms (0.1%)
[Performance] Application.LoadAllDefaultResourcesFromEditor                                                                  :        1 samples, Peak.  1.51 ms (1.0x), Avg.  1.51 ms, Total. 1.513 ms (0.0%)
[Performance] Application.LoadMonoAssemblies                                                                                 :        1 samples, Peak.   485 ms (1.0x), Avg.   485 ms, Total. 484.8 ms (8.4%)
[Performance] RestoreManagedReferences                                                                                       :        2 samples, Peak.  34.0 ms (2.0x), Avg.  17.0 ms, Total. 33.99 ms (0.6%)
[Performance] InitializeOnLoad DrivenRectTransformUndo                                                                       :        2 samples, Peak.   378 us (1.1x), Avg.   339 us, Total. 678.8 us (0.0%)
[Performance] InitializeOnLoad SceneSearch                                                                                   :        2 samples, Peak.   111 us (1.1x), Avg.   105 us, Total. 210.3 us (0.0%)
[Performance] InitializeOnLoad CloudBuild                                                                                    :        2 samples, Peak.  4.10 us (1.2x), Avg.  3.50 us, Total. 7.000 us (0.0%)
[Performance] InitializeOnLoad NativeFormatImporterUtility                                                                   :        2 samples, Peak.  2.64 ms (1.3x), Avg.  2.02 ms, Total. 4.035 ms (0.1%)
[Performance] InitializeOnLoad SearchService                                                                                 :        2 samples, Peak.  91.6 us (1.0x), Avg.  88.9 us, Total. 177.7 us (0.0%)
[Performance] InitializeOnLoad SettingsService                                                                               :        2 samples, Peak.  9.60 us (1.0x), Avg.  9.25 us, Total. 18.50 us (0.0%)
[Performance] InitializeOnLoad WindowLayout                                                                                  :        2 samples, Peak.   640 us (1.2x), Avg.   548 us, Total. 1.097 ms (0.0%)
[Performance] InitializeOnLoad AssetStoreContext                                                                             :        2 samples, Peak.  20.5 ms (1.0x), Avg.  20.0 ms, Total. 39.93 ms (0.7%)
[Performance] InitializeOnLoad PoolManager                                                                                   :        2 samples, Peak.   545 us (1.0x), Avg.   519 us, Total. 1.039 ms (0.0%)
[Performance] InitializeOnLoad MixerEffectDefinitionReloader                                                                 :        2 samples, Peak.  2.54 ms (1.2x), Avg.  2.13 ms, Total. 4.254 ms (0.1%)
[Performance] InitializeOnLoad ProjectSearch                                                                                 :        2 samples, Peak.   378 us (1.7x), Avg.   221 us, Total. 441.2 us (0.0%)
[Performance] InitializeOnLoad UISystemProfilerRenderService                                                                 :        2 samples, Peak.  9.20 us (1.1x), Avg.  8.35 us, Total. 16.70 us (0.0%)
[Performance] InitializeOnLoad EditMode                                                                                      :        2 samples, Peak.   399 us (1.1x), Avg.   354 us, Total. 708.3 us (0.0%)
[Performance] InitializeOnLoad UnityConnect                                                                                  :        2 samples, Peak.  45.9 us (1.1x), Avg.  43.6 us, Total. 87.30 us (0.0%)
[Performance] InitializeOnLoad ManagedDebugger                                                                               :        2 samples, Peak.   522 us (1.1x), Avg.   482 us, Total. 963.5 us (0.0%)
[Performance] InitializeOnLoad ShortcutIntegration                                                                           :        2 samples, Peak.  52.5 us (1.1x), Avg.  47.9 us, Total. 95.80 us (0.0%)
[Performance] InitializeOnLoad AddComponentWindow                                                                            :        2 samples, Peak.  97.5 us (1.1x), Avg.  92.7 us, Total. 185.5 us (0.0%)
[Performance] InitializeOnLoad ManagedDebuggerWindow                                                                         :        2 samples, Peak.   124 us (1.1x), Avg.   118 us, Total. 235.3 us (0.0%)
[Performance] InitializeOnLoad CacheServerWindow                                                                             :        2 samples, Peak.  8.90 us (1.1x), Avg.  7.95 us, Total. 15.90 us (0.0%)
[Performance] InitializeOnLoad PlayModeDownload                                                                              :        2 samples, Peak.  6.50 ms (1.9x), Avg.  3.38 ms, Total. 6.757 ms (0.1%)
[Performance] InitializeOnLoad MenuItems                                                                                     :        2 samples, Peak.   140 us (1.3x), Avg.   107 us, Total. 214.2 us (0.0%)
[Performance] InitializeOnLoad PrefabInstanceChangedListener                                                                 :        2 samples, Peak.   157 us (1.1x), Avg.   147 us, Total. 294.9 us (0.0%)
[Performance] InitializeOnLoad ObjectSelectorSearch                                                                          :        2 samples, Peak.  57.8 us (1.2x), Avg.  48.4 us, Total. 96.80 us (0.0%)
[Performance] InitializeOnLoad EditorMonitor                                                                                 :        2 samples, Peak.   581 us (1.1x), Avg.   539 us, Total. 1.078 ms (0.0%)
[Performance] InitializeOnLoad RetainedMode                                                                                  :        2 samples, Peak.  1.89 ms (1.0x), Avg.  1.82 ms, Total. 3.645 ms (0.1%)
[Performance] InitializeOnLoad EditorShaderLoader                                                                            :        2 samples, Peak.   549 us (1.1x), Avg.   521 us, Total. 1.041 ms (0.0%)
[Performance] InitializeOnLoad EditorDelegateRegistration                                                                    :        2 samples, Peak.   415 us (1.0x), Avg.   404 us, Total. 808.9 us (0.0%)
[Performance] InitializeOnLoad UIDocumentHierarchyWatcher                                                                    :        2 samples, Peak.  68.9 us (1.0x), Avg.  67.2 us, Total. 134.3 us (0.0%)
[Performance] InitializeOnLoad LiveReloadTrackerCreator                                                                      :        2 samples, Peak.   204 us (1.3x), Avg.   162 us, Total. 323.5 us (0.0%)
[Performance] InitializeOnLoad UxmlObjectEditorFactories                                                                     :        2 samples, Peak.   431 us (1.0x), Avg.   418 us, Total. 836.6 us (0.0%)
[Performance] InitializeOnLoad UXMLEditorFactories                                                                           :        2 samples, Peak.  46.6 ms (1.0x), Avg.  46.0 ms, Total. 92.09 ms (1.6%)
[Performance] InitializeOnLoad PurchasingService                                                                             :        2 samples, Peak.  5.63 ms (1.0x), Avg.  5.39 ms, Total. 10.78 ms (0.2%)
[Performance] InitializeOnLoad CloudBuildPoller                                                                              :        2 samples, Peak.   141 us (1.2x), Avg.   117 us, Total. 234.3 us (0.0%)
[Performance] InitializeOnLoad EditorGameServicesAnalytics                                                                   :        2 samples, Peak.  2.67 ms (1.5x), Avg.  1.74 ms, Total. 3.471 ms (0.1%)
[Performance] InitializeOnLoad AnalyticsService                                                                              :        2 samples, Peak.   285 us (1.3x), Avg.   214 us, Total. 427.6 us (0.0%)
[Performance] InitializeOnLoad BuildService                                                                                  :        2 samples, Peak.   183 us (1.3x), Avg.   145 us, Total. 290.0 us (0.0%)
[Performance] InitializeOnLoad AdsService                                                                                    :        2 samples, Peak.   476 us (1.2x), Avg.   385 us, Total. 769.7 us (0.0%)
[Performance] InitializeOnLoad UDPService                                                                                    :        2 samples, Peak.   204 us (1.2x), Avg.   164 us, Total. 328.5 us (0.0%)
[Performance] InitializeOnLoad CrashService                                                                                  :        2 samples, Peak.   157 us (1.2x), Avg.   131 us, Total. 262.6 us (0.0%)
[Performance] InitializeOnLoad ServicesRepository                                                                            :        2 samples, Peak.   500 ns (1.2x), Avg.   400 ns, Total. 800.0 ns (0.0%)
[Performance] InitializeOnLoad SearchWindow                                                                                  :        2 samples, Peak.   126 us (1.1x), Avg.   119 us, Total. 238.2 us (0.0%)
[Performance] InitializeOnLoad CustomIndexers                                                                                :        2 samples, Peak.  16.1 ms (1.1x), Avg.  15.0 ms, Total. 30.01 ms (0.5%)
[Performance] InitializeOnLoad SearchMonitor                                                                                 :        2 samples, Peak.   893 us (1.0x), Avg.   854 us, Total. 1.708 ms (0.0%)
[Performance] InitializeOnLoad ParameterControllerEditor                                                                     :        2 samples, Peak.  28.0 us (1.3x), Avg.  21.5 us, Total. 43.00 us (0.0%)
[Performance] InitializeOnLoad LayerSettingsWindow                                                                           :        2 samples, Peak.  21.1 us (1.7x), Avg.  12.7 us, Total. 25.40 us (0.0%)
[Performance] InitializeOnLoad PackageManagerHookGUIDConverter.RegisterPackagesEventHandler                                  :        2 samples, Peak.   677 us (1.1x), Avg.   609 us, Total. 1.217 ms (0.0%)
[Performance] InitializeOnLoad EditorDragAndDrop.RegisterEditorClient                                                        :        2 samples, Peak.   195 us (1.1x), Avg.   183 us, Total. 365.3 us (0.0%)
[Performance] InitializeOnLoad EditorEventCallbacks.InitializeFontAssetResourceChangeCallBacks                               :        2 samples, Peak.  1.11 ms (1.1x), Avg.   998 us, Total. 1.995 ms (0.0%)
[Performance] InitializeOnLoad SceneTemplateService.Init                                                                     :        2 samples, Peak.  1.45 ms (1.1x), Avg.  1.26 ms, Total. 2.528 ms (0.0%)
[Performance] InitializeOnLoad DiagnosticSwitchesConsoleMessage.Init                                                         :        2 samples, Peak.  4.64 ms (1.7x), Avg.  2.78 ms, Total. 5.553 ms (0.1%)
[Performance] InitializeOnLoad PackageManagerWindow.EditorInitializedInSafeMode                                              :        2 samples, Peak.  22.3 ms (2.0x), Avg.  11.2 ms, Total. 22.48 ms (0.4%)
[Performance] InitializeOnLoad ToolShortcutContext.Init                                                                      :        2 samples, Peak.   137 us (1.1x), Avg.   124 us, Total. 247.8 us (0.0%)
[Performance] InitializeOnLoad MemoryProfilerCompilationGuard.InjectCompileGuard                                             :        2 samples, Peak.   186 us (1.2x), Avg.   156 us, Total. 312.5 us (0.0%)
[Performance] InitializeOnLoad AssetPostprocessingInternal.RefreshCustomDependencies                                         :        2 samples, Peak.  2.84 ms (1.2x), Avg.  2.46 ms, Total. 4.923 ms (0.1%)
[Performance] InitializeOnLoad SysrootManager.Initialize                                                                     :        2 samples, Peak.   421 us (1.1x), Avg.   391 us, Total. 782.7 us (0.0%)
[Performance] InitializeOnLoad ScopedRegistryAddedPopup.SubscribeToRegistriesAdded                                           :        2 samples, Peak.  6.04 ms (2.0x), Avg.  3.07 ms, Total. 6.149 ms (0.1%)
[Performance] InitializeOnLoad SceneVisibilityManager.Initialize                                                             :        2 samples, Peak.  4.57 ms (1.7x), Avg.  2.66 ms, Total. 5.318 ms (0.1%)
[Performance] InitializeOnLoad EditorWindow.Initialize                                                                       :        2 samples, Peak.   184 us (1.0x), Avg.   180 us, Total. 360.9 us (0.0%)
[Performance] AssemblyReloadEvents.afterAssemblyReload: UnityEditor.SceneTemplate.SceneTemplateService.AfterAssemblyReload   :        2 samples, Peak.  3.11 ms (1.9x), Avg.  1.67 ms, Total. 3.346 ms (0.1%)
[Performance] ProcessService.EditorAfterLoadAllAssemblies                                                                    :        2 samples, Peak.   275 us (1.1x), Avg.   247 us, Total. 494.5 us (0.0%)
[Performance] Application.ReadLicenseInfo                                                                                    :        1 samples, Peak.  15.8 ms (1.0x), Avg.  15.8 ms, Total. 15.77 ms (0.3%)
[Performance] Application.InitialRefresh                                                                                     :        1 samples, Peak.  1.17 s (1.0x), Avg.  1.17 s, Total. 1.168 s (20.3%)
[Performance] Compiling Scripts                                                                                              :        1 samples, Peak.   593 ms (1.0x), Avg.   593 ms, Total. 592.8 ms (10.3%)
[Performance] AssemblyReloadEvents.beforeAssemblyReload: UnityEditor.SceneTemplate.SceneTemplateService.BeforeAssemblyReload :        1 samples, Peak.   433 us (1.0x), Avg.   433 us, Total. 432.6 us (0.0%)
[Performance] InitializeOnLoad PrefabLayoutRebuilder                                                                         :        1 samples, Peak.   208 us (1.0x), Avg.   208 us, Total. 207.5 us (0.0%)
[Performance] DidReloadScriptsAdvancedDropdownWindow.OnScriptReload                                                          :        1 samples, Peak.   223 us (1.0x), Avg.   223 us, Total. 223.1 us (0.0%)
[Performance] SyncVS.PostprocessSyncProject                                                                                  :        1 samples, Peak.  1.29 ms (1.0x), Avg.  1.29 ms, Total. 1.291 ms (0.0%)
[Performance] Application.ImportPackagesAndSetTemplateWhenCreatingProject                                                    :        1 samples, Peak.  11.2 ms (1.0x), Avg.  11.2 ms, Total. 11.19 ms (0.2%)
[Performance] Application.SyncCurrentColorSpace                                                                              :        1 samples, Peak.   121 ms (1.0x), Avg.   121 ms, Total. 121.0 ms (2.1%)
[Performance] Application.OnUsbDevicesChanged                                                                                :        1 samples, Peak.  6.55 ms (1.0x), Avg.  6.55 ms, Total. 6.547 ms (0.1%)
[Performance] Application.AssetInstanceCacheUpdate                                                                           :        1 samples, Peak.   200 ns (1.0x), Avg.   200 ns, Total. 200.0 ns (0.0%)
[Performance] Application.UnityExtensions.Initialize                                                                         :        1 samples, Peak.   955 us (1.0x), Avg.   955 us, Total. 954.7 us (0.0%)
[Performance] CodeEditorProjectSync.SyncEditorProject                                                                        :        1 samples, Peak.   180 us (1.0x), Avg.   180 us, Total. 180.3 us (0.0%)
[Performance] Application.ExecuteStartups                                                                                    :        1 samples, Peak.  58.3 ms (1.0x), Avg.  58.3 ms, Total. 58.34 ms (1.0%)
[Performance] Menu.RegisterMenuInterface                                                                                     :       26 samples, Peak.   600 ns (3.5x), Avg.   169 ns, Total. 4.400 us (0.0%)
[Performance] Gizmo.RebuildRenderers                                                                                         :        1 samples, Peak.  57.9 ms (1.0x), Avg.  57.9 ms, Total. 57.91 ms (1.0%)
[Performance] Gizmo.AddGizmoRenderers                                                                                        :       22 samples, Peak.  1.83 ms (15.3x), Avg.   120 us, Total. 2.635 ms (0.0%)
[Performance] Application.editorInitializingProject                                                                          :        1 samples, Peak.   333 ms (1.0x), Avg.   333 ms, Total. 333.4 ms (5.8%)
[Performance] Application.InitializeMenu                                                                                     :        1 samples, Peak.  52.0 ms (1.0x), Avg.  52.0 ms, Total. 52.03 ms (0.9%)
[Performance] Menu.RebuildAll                                                                                                :        1 samples, Peak.  52.0 ms (1.0x), Avg.  52.0 ms, Total. 52.02 ms (0.9%)
[Performance] Menu.BuildRegisteredMenuInterfaces                                                                             :        1 samples, Peak.  48.9 ms (1.0x), Avg.  48.9 ms, Total. 48.85 ms (0.8%)
[Performance] Menu.FilterMenuItem                                                                                            :      520 samples, Peak.  14.0 ms (515.0x), Avg.  27.2 us, Total. 14.14 ms (0.2%)
[Performance] UpdateAllMenus                                                                                                 :        1 samples, Peak.   436 us (1.0x), Avg.   436 us, Total. 435.7 us (0.0%)
[Performance] Menu.RebuildOSMainMenu                                                                                         :        1 samples, Peak.  2.49 ms (1.0x), Avg.  2.49 ms, Total. 2.487 ms (0.0%)
[Performance] EditorSceneManager.sceneClosing: UnityEditor.SceneVisibilityManager.EditorSceneManagerOnSceneClosing           :        1 samples, Peak.   217 us (1.0x), Avg.   217 us, Total. 216.9 us (0.0%)
[Performance] GUIView.RepaintAll.PlayerLoopController                                                                        :        1 samples, Peak.  2.60 us (1.0x), Avg.  2.60 us, Total. 2.600 us (0.0%)
[Performance] EditorSceneManager.newSceneCreated: UnityEditor.SceneTemplate.SceneTemplateService.OnNewSceneCreated           :        1 samples, Peak.   210 us (1.0x), Avg.   210 us, Total. 209.8 us (0.0%)
[Performance] EditorSceneManager.newSceneCreated: UnityEditor.SceneVisibilityManager.EditorSceneManagerOnNewSceneCreated     :        1 samples, Peak.   139 us (1.0x), Avg.   139 us, Total. 138.8 us (0.0%)
[Performance] EditorSceneManager.newSceneCreated: UnityEditor.SceneManagement.StageNavigationManager.OnNewSceneCreated       :        1 samples, Peak.  44.2 us (1.0x), Avg.  44.2 us, Total. 44.20 us (0.0%)
[Performance] Application.InvokeFinishedLoadingProject                                                                       :        1 samples, Peak.   790 us (1.0x), Avg.   790 us, Total. 790.2 us (0.0%)
[Performance] ProcessService.OnProjectLoaded                                                                                 :        1 samples, Peak.  32.6 us (1.0x), Avg.  32.6 us, Total. 32.60 us (0.0%)
[Performance] VersionControl.Task.Wait                                                                                       :        1 samples, Peak.  12.7 us (1.0x), Avg.  12.7 us, Total. 12.70 us (0.0%)
[Performance] EditorApplication.quitting: callback in UnityEditor.TextCore.Text.EditorEventCallbacks                         :        1 samples, Peak.  3.64 ms (1.0x), Avg.  3.64 ms, Total. 3.644 ms (0.1%)
[Performance] Application.Shutdown.PauseProfilerSession                                                                      :        1 samples, Peak.  51.3 us (1.0x), Avg.  51.3 us, Total. 51.30 us (0.0%)
[Performance] Application.Shutdown.PauseAssetImportWorkers                                                                   :        1 samples, Peak.   116 us (1.0x), Avg.   116 us, Total. 116.0 us (0.0%)
[Performance] Application.Shutdown.SaveAssets                                                                                :        1 samples, Peak.  6.13 ms (1.0x), Avg.  6.13 ms, Total. 6.132 ms (0.1%)
[Performance] BuilderAssetModificationProcessor.OnWillSaveAssets                                                             :        1 samples, Peak.   648 us (1.0x), Avg.   648 us, Total. 647.9 us (0.0%)
[Performance] TerrainModificationProcessor.OnWillSaveAssets                                                                  :        1 samples, Peak.   477 us (1.0x), Avg.   477 us, Total. 477.0 us (0.0%)
[Performance] AssetDatabase.ImportAssets                                                                                     :        2 samples, Peak.  5.10 us (2.0x), Avg.  2.55 us, Total. 5.100 us (0.0%)
[Performance] Application.Shutdown.CleanupRenderPipeline                                                                     :        1 samples, Peak.  5.40 us (1.0x), Avg.  5.40 us, Total. 5.400 us (0.0%)
[Performance] Application.Shutdown.StopPreloadManager                                                                        :        1 samples, Peak.  9.70 ms (1.0x), Avg.  9.70 ms, Total. 9.701 ms (0.2%)
[Performance] Application.Shutdown.DestroyWorld                                                                              :        1 samples, Peak.   336 us (1.0x), Avg.   336 us, Total. 335.9 us (0.0%)
[Performance] Application.Shutdown.CleanupAfterLoad                                                                          :        1 samples, Peak.  2.09 ms (1.0x), Avg.  2.09 ms, Total. 2.090 ms (0.0%)
[Performance] Application.Shutdown.Progress                                                                                  :        1 samples, Peak.  10.8 us (1.0x), Avg.  10.8 us, Total. 10.80 us (0.0%)
[Performance] Application.Shutdown.GICleanupManagers                                                                         :        1 samples, Peak.   536 us (1.0x), Avg.   536 us, Total. 535.6 us (0.0%)
[Performance] Application.Shutdown.MenuCleanupClass                                                                          :        1 samples, Peak.   135 us (1.0x), Avg.   135 us, Total. 134.7 us (0.0%)
[Performance] Application.Shutdown.ADBSaveStateBeforeShutdown                                                                :        1 samples, Peak.  12.9 us (1.0x), Avg.  12.9 us, Total. 12.90 us (0.0%)
[Performance] Application.Shutdown.RemoteShutdown                                                                            :        1 samples, Peak.   800 ns (1.0x), Avg.   800 ns, Total. 800.0 ns (0.0%)
[Performance] Application.Shutdown.CleanupVCProvider                                                                         :        1 samples, Peak.  10.5 us (1.0x), Avg.  10.5 us, Total. 10.50 us (0.0%)
[Performance] Application.Shutdown.InputShutdown                                                                             :        1 samples, Peak.  2.80 us (1.0x), Avg.  2.80 us, Total. 2.800 us (0.0%)
[Performance] Application.Shutdown.GizmoManagerDestroy                                                                       :        1 samples, Peak.   869 us (1.0x), Avg.   869 us, Total. 869.1 us (0.0%)
[Performance] Application.Shutdown.ProfilerSession                                                                           :        1 samples, Peak.   194 us (1.0x), Avg.   194 us, Total. 193.6 us (0.0%)
[Performance] Application.Shutdown.ReleaseGfxWindowOnAllGUIViews                                                             :        1 samples, Peak.   300 ns (1.0x), Avg.   300 ns, Total. 300.0 ns (0.0%)
[Performance] Application.Shutdown.CleanupEngine                                                                             :        1 samples, Peak.  49.2 ms (1.0x), Avg.  49.2 ms, Total. 49.20 ms (0.9%)
[Performance] Application.Shutdown.CleanupAssetDatabase                                                                      :        1 samples, Peak.  3.21 ms (1.0x), Avg.  3.21 ms, Total. 3.210 ms (0.1%)
[Performance] Application.Shutdown.ScriptCompilationCleanUp                                                                  :        1 samples, Peak.  29.1 ms (1.0x), Avg.  29.1 ms, Total. 29.06 ms (0.5%)
[Performance] Application.Shutdown.DestroyJobSystem                                                                          :        1 samples, Peak.   103 us (1.0x), Avg.   103 us, Total. 103.3 us (0.0%)
[Performance] Application.Shutdown.CleanupPersistentManager                                                                  :        1 samples, Peak.   320 us (1.0x), Avg.   320 us, Total. 320.3 us (0.0%)
[Performance] Application.Shutdown.CleanupAsyncReadManager                                                                   :        1 samples, Peak.   318 us (1.0x), Avg.   318 us, Total. 317.7 us (0.0%)
[Performance] Application.Shutdown.CleanupProgressBar                                                                        :        1 samples, Peak.   300 ns (1.0x), Avg.   300 ns, Total. 300.0 ns (0.0%)
[Performance] Application.Shutdown.CleanupMono                                                                               :        1 samples, Peak.  36.3 ms (1.0x), Avg.  36.3 ms, Total. 36.33 ms (0.6%)
[Performance] Application.Shutdown.CleanupStdConverters                                                                      :        1 samples, Peak.  9.50 us (1.0x), Avg.  9.50 us, Total. 9.500 us (0.0%)
[Performance] Application.Shutdown.UnloadAllPlatformSupportModuleNativeDlls                                                  :        1 samples, Peak.  1.50 us (1.0x), Avg.  1.50 us, Total. 1.500 us (0.0%)
[Performance] Application.Shutdown.UnloadAllPlatformSupportNativeLibraries                                                   :        1 samples, Peak. 0.0 (-nan(ind)x), Avg. 0.0, Total. 0.0 (0.0%)
[Performance] Application.Shutdown.CleanupAutoDocumentation                                                                  :        1 samples, Peak.   306 us (1.0x), Avg.   306 us, Total. 305.6 us (0.0%)
[Performance] Application.Shutdown.ShaderNameManagerDestroy                                                                  :        1 samples, Peak.  56.8 us (1.0x), Avg.  56.8 us, Total. 56.80 us (0.0%)
[Performance] Application.Shutdown.CleanupCacheServer                                                                        :        1 samples, Peak. 0.0 (-nan(ind)x), Avg. 0.0, Total. 0.0 (0.0%)
[Performance] Application.Shutdown.Virtualization_Shutdown                                                                   :        1 samples, Peak.   400 ns (1.0x), Avg.   400 ns, Total. 400.0 ns (0.0%)
[Performance] Application.Shutdown.DevConnections                                                                            :        1 samples, Peak.   246 us (1.0x), Avg.   246 us, Total. 246.3 us (0.0%)
Exiting batchmode successfully now!
Exiting without the bug reporter. Application will terminate with return code 0